  main.cpp
D:\btlnhoms6\btl\OpenGL\main.cpp(55,23): warning C4305: 'initializing': truncation from 'double' to 'GLfloat'
D:\btlnhoms6\btl\OpenGL\main.cpp(163,41): warning C4305: 'argument': truncation from 'double' to 'GLfloat'
D:\btlnhoms6\btl\OpenGL\main.cpp(168,50): warning C4244: 'argument': conversion from 'double' to 'GLfloat', possible loss of data
D:\btlnhoms6\btl\OpenGL\main.cpp(168,39): warning C4244: 'argument': conversion from 'double' to 'GLfloat', possible loss of data
D:\btlnhoms6\btl\OpenGL\main.cpp(168,28): warning C4244: 'argument': conversion from 'double' to 'GLfloat', possible loss of data
D:\btlnhoms6\btl\OpenGL\main.cpp(195,23): warning C4305: 'argument': truncation from 'double' to 'GLfloat'
D:\btlnhoms6\btl\OpenGL\main.cpp(199,23): warning C4305: 'argument': truncation from 'double' to 'GLfloat'
D:\btlnhoms6\btl\OpenGL\main.cpp(203,26): warning C4305: 'argument': truncation from 'double' to 'GLfloat'
D:\btlnhoms6\btl\OpenGL\main.cpp(208,26): warning C4305: 'argument': truncation from 'double' to 'GLfloat'
D:\btlnhoms6\btl\OpenGL\main.cpp(213,27): warning C4305: 'argument': truncation from 'double' to 'GLfloat'
D:\btlnhoms6\btl\OpenGL\main.cpp(218,26): warning C4305: 'argument': truncation from 'double' to 'GLfloat'
D:\btlnhoms6\btl\OpenGL\main.cpp(221,26): warning C4305: 'argument': truncation from 'double' to 'GLfloat'
D:\btlnhoms6\btl\OpenGL\main.cpp(223,43): warning C4305: 'argument': truncation from 'double' to 'const GLfloat'
D:\btlnhoms6\btl\OpenGL\main.cpp(225,26): warning C4305: 'argument': truncation from 'double' to 'GLfloat'
D:\btlnhoms6\btl\OpenGL\main.cpp(226,46): warning C4305: 'argument': truncation from 'double' to 'const GLfloat'
D:\btlnhoms6\btl\OpenGL\main.cpp(228,26): warning C4305: 'argument': truncation from 'double' to 'GLfloat'
D:\btlnhoms6\btl\OpenGL\main.cpp(229,43): warning C4305: 'argument': truncation from 'double' to 'const GLfloat'
D:\btlnhoms6\btl\OpenGL\main.cpp(231,28): warning C4305: 'argument': truncation from 'double' to 'GLfloat'
D:\btlnhoms6\btl\OpenGL\main.cpp(234,28): warning C4305: 'argument': truncation from 'double' to 'GLfloat'
D:\btlnhoms6\btl\OpenGL\main.cpp(235,44): warning C4305: 'argument': truncation from 'double' to 'const GLfloat'
D:\btlnhoms6\btl\OpenGL\main.cpp(237,26): warning C4305: 'argument': truncation from 'double' to 'GLfloat'
D:\btlnhoms6\btl\OpenGL\main.cpp(240,41): warning C4305: 'argument': truncation from 'double' to 'const GLfloat'
D:\btlnhoms6\btl\OpenGL\main.cpp(243,42): warning C4305: 'argument': truncation from 'double' to 'const GLfloat'
D:\btlnhoms6\btl\OpenGL\main.cpp(266,91): warning C4305: 'argument': truncation from 'double' to 'const GLfloat'
D:\btlnhoms6\btl\OpenGL\main.cpp(268,31): warning C4305: 'argument': truncation from 'double' to 'float'
D:\btlnhoms6\btl\OpenGL\main.cpp(270,77): warning C4305: 'argument': truncation from 'double' to 'const GLfloat'
D:\btlnhoms6\btl\OpenGL\main.cpp(272,31): warning C4305: 'argument': truncation from 'double' to 'float'
D:\btlnhoms6\btl\OpenGL\main.cpp(274,78): warning C4305: 'argument': truncation from 'double' to 'const GLfloat'
D:\btlnhoms6\btl\OpenGL\main.cpp(276,32): warning C4305: 'argument': truncation from 'double' to 'float'
D:\btlnhoms6\btl\OpenGL\main.cpp(278,78): warning C4305: 'argument': truncation from 'double' to 'const GLfloat'
D:\btlnhoms6\btl\OpenGL\main.cpp(280,32): warning C4305: 'argument': truncation from 'double' to 'float'
D:\btlnhoms6\btl\OpenGL\main.cpp(282,74): warning C4305: 'argument': truncation from 'double' to 'const GLfloat'
D:\btlnhoms6\btl\OpenGL\main.cpp(284,32): warning C4305: 'argument': truncation from 'double' to 'float'
D:\btlnhoms6\btl\OpenGL\main.cpp(286,79): warning C4305: 'argument': truncation from 'double' to 'const GLfloat'
D:\btlnhoms6\btl\OpenGL\main.cpp(288,28): warning C4305: 'argument': truncation from 'double' to 'float'
D:\btlnhoms6\btl\OpenGL\main.cpp(290,80): warning C4305: 'argument': truncation from 'double' to 'const GLfloat'
D:\btlnhoms6\btl\OpenGL\main.cpp(292,29): warning C4305: 'argument': truncation from 'double' to 'float'
D:\btlnhoms6\btl\OpenGL\main.cpp(297,89): warning C4305: 'argument': truncation from 'double' to 'const GLfloat'
D:\btlnhoms6\btl\OpenGL\main.cpp(299,31): warning C4305: 'argument': truncation from 'double' to 'float'
D:\btlnhoms6\btl\OpenGL\main.cpp(301,77): warning C4305: 'argument': truncation from 'double' to 'const GLfloat'
D:\btlnhoms6\btl\OpenGL\main.cpp(303,32): warning C4305: 'argument': truncation from 'double' to 'float'
D:\btlnhoms6\btl\OpenGL\main.cpp(305,40): warning C4305: 'argument': truncation from 'double' to 'const GLfloat'
D:\btlnhoms6\btl\OpenGL\main.cpp(305,64): warning C4305: 'argument': truncation from 'double' to 'const GLfloat'
D:\btlnhoms6\btl\OpenGL\main.cpp(345,47): warning C4305: 'argument': truncation from 'double' to 'const GLfloat'
D:\btlnhoms6\btl\OpenGL\main.cpp(347,25): warning C4305: 'argument': truncation from 'double' to 'GLfloat'
D:\btlnhoms6\btl\OpenGL\main.cpp(349,46): warning C4305: 'argument': truncation from 'double' to 'const GLfloat'
D:\btlnhoms6\btl\OpenGL\main.cpp(351,25): warning C4305: 'argument': truncation from 'double' to 'GLfloat'
D:\btlnhoms6\btl\OpenGL\main.cpp(353,46): warning C4305: 'argument': truncation from 'double' to 'const GLfloat'
D:\btlnhoms6\btl\OpenGL\main.cpp(355,25): warning C4305: 'argument': truncation from 'double' to 'GLfloat'
D:\btlnhoms6\btl\OpenGL\main.cpp(357,45): warning C4305: 'argument': truncation from 'double' to 'const GLfloat'
D:\btlnhoms6\btl\OpenGL\main.cpp(359,25): warning C4305: 'argument': truncation from 'double' to 'GLfloat'
D:\btlnhoms6\btl\OpenGL\main.cpp(361,43): warning C4305: 'argument': truncation from 'double' to 'const GLfloat'
D:\btlnhoms6\btl\OpenGL\main.cpp(363,26): warning C4305: 'argument': truncation from 'double' to 'GLfloat'
D:\btlnhoms6\btl\OpenGL\main.cpp(364,42): warning C4305: 'argument': truncation from 'double' to 'const GLfloat'
D:\btlnhoms6\btl\OpenGL\main.cpp(366,26): warning C4305: 'argument': truncation from 'double' to 'GLfloat'
D:\btlnhoms6\btl\OpenGL\main.cpp(369,26): warning C4305: 'argument': truncation from 'double' to 'GLfloat'
D:\btlnhoms6\btl\OpenGL\main.cpp(371,46): warning C4305: 'argument': truncation from 'double' to 'const GLfloat'
D:\btlnhoms6\btl\OpenGL\main.cpp(375,52): warning C4305: 'argument': truncation from 'double' to 'const GLfloat'
D:\btlnhoms6\btl\OpenGL\main.cpp(377,25): warning C4305: 'argument': truncation from 'double' to 'GLfloat'
D:\btlnhoms6\btl\OpenGL\main.cpp(379,53): warning C4305: 'argument': truncation from 'double' to 'const GLfloat'
D:\btlnhoms6\btl\OpenGL\main.cpp(381,26): warning C4305: 'argument': truncation from 'double' to 'GLfloat'
D:\btlnhoms6\btl\OpenGL\main.cpp(383,42): warning C4305: 'argument': truncation from 'double' to 'const GLfloat'
D:\btlnhoms6\btl\OpenGL\main.cpp(385,24): warning C4305: 'argument': truncation from 'double' to 'GLfloat'
D:\btlnhoms6\btl\OpenGL\main.cpp(386,41): warning C4305: 'argument': truncation from 'double' to 'const GLfloat'
D:\btlnhoms6\btl\OpenGL\main.cpp(388,24): warning C4305: 'argument': truncation from 'double' to 'GLfloat'
D:\btlnhoms6\btl\OpenGL\main.cpp(389,40): warning C4305: 'argument': truncation from 'double' to 'const GLfloat'
D:\btlnhoms6\btl\OpenGL\main.cpp(391,24): warning C4305: 'argument': truncation from 'double' to 'GLfloat'
D:\btlnhoms6\btl\OpenGL\main.cpp(392,45): warning C4305: 'argument': truncation from 'double' to 'const GLfloat'
D:\btlnhoms6\btl\OpenGL\main.cpp(392,91): warning C4305: 'argument': truncation from 'double' to 'const GLfloat'
D:\btlnhoms6\btl\OpenGL\main.cpp(396,25): warning C4305: 'argument': truncation from 'double' to 'GLfloat'
D:\btlnhoms6\btl\OpenGL\main.cpp(398,32): warning C4244: 'argument': conversion from 'double' to 'const GLfloat', possible loss of data
D:\btlnhoms6\btl\OpenGL\main.cpp(402,20): warning C4305: 'initializing': truncation from 'double' to 'GLfloat'
D:\btlnhoms6\btl\OpenGL\main.cpp(403,18): warning C4305: 'initializing': truncation from 'double' to 'GLfloat'
D:\btlnhoms6\btl\OpenGL\main.cpp(407,53): warning C4305: 'argument': truncation from 'double' to 'const GLfloat'
D:\btlnhoms6\btl\OpenGL\main.cpp(413,55): warning C4305: 'argument': truncation from 'double' to 'const GLfloat'
D:\btlnhoms6\btl\OpenGL\main.cpp(419,56): warning C4305: 'argument': truncation from 'double' to 'const GLfloat'
D:\btlnhoms6\btl\OpenGL\main.cpp(425,54): warning C4305: 'argument': truncation from 'double' to 'const GLfloat'
D:\btlnhoms6\btl\OpenGL\main.cpp(454,25): warning C4305: 'argument': truncation from 'double' to 'GLfloat'
D:\btlnhoms6\btl\OpenGL\main.cpp(455,58): warning C4305: 'argument': truncation from 'double' to 'const GLfloat'
D:\btlnhoms6\btl\OpenGL\main.cpp(457,28): warning C4305: 'argument': truncation from 'double' to 'GLfloat'
D:\btlnhoms6\btl\OpenGL\main.cpp(460,25): warning C4305: 'argument': truncation from 'double' to 'GLfloat'
D:\btlnhoms6\btl\OpenGL\main.cpp(461,59): warning C4305: 'argument': truncation from 'double' to 'const GLfloat'
D:\btlnhoms6\btl\OpenGL\main.cpp(463,28): warning C4305: 'argument': truncation from 'double' to 'GLfloat'
D:\btlnhoms6\btl\OpenGL\main.cpp(491,37): warning C4305: 'argument': truncation from 'double' to 'const GLfloat'
D:\btlnhoms6\btl\OpenGL\main.cpp(491,82): warning C4305: 'argument': truncation from 'double' to 'const GLfloat'
D:\btlnhoms6\btl\OpenGL\main.cpp(494,26): warning C4305: 'argument': truncation from 'double' to 'GLfloat'
D:\btlnhoms6\btl\OpenGL\main.cpp(496,49): warning C4305: 'argument': truncation from 'double' to 'const GLfloat'
D:\btlnhoms6\btl\OpenGL\main.cpp(497,25): warning C4305: 'argument': truncation from 'double' to 'GLfloat'
D:\btlnhoms6\btl\OpenGL\main.cpp(498,25): warning C4305: 'argument': truncation from 'double' to 'GLfloat'
D:\btlnhoms6\btl\OpenGL\main.cpp(500,37): warning C4305: 'argument': truncation from 'double' to 'const GLfloat'
D:\btlnhoms6\btl\OpenGL\main.cpp(501,25): warning C4305: 'argument': truncation from 'double' to 'GLfloat'
D:\btlnhoms6\btl\OpenGL\main.cpp(502,24): warning C4305: 'argument': truncation from 'double' to 'GLfloat'
D:\btlnhoms6\btl\OpenGL\main.cpp(504,41): warning C4305: 'argument': truncation from 'double' to 'const GLfloat'
D:\btlnhoms6\btl\OpenGL\main.cpp(505,25): warning C4305: 'argument': truncation from 'double' to 'GLfloat'
D:\btlnhoms6\btl\OpenGL\main.cpp(506,24): warning C4305: 'argument': truncation from 'double' to 'GLfloat'
D:\btlnhoms6\btl\OpenGL\main.cpp(508,42): warning C4305: 'argument': truncation from 'double' to 'const GLfloat'
D:\btlnhoms6\btl\OpenGL\main.cpp(509,25): warning C4305: 'argument': truncation from 'double' to 'GLfloat'
D:\btlnhoms6\btl\OpenGL\main.cpp(510,24): warning C4305: 'argument': truncation from 'double' to 'GLfloat'
D:\btlnhoms6\btl\OpenGL\main.cpp(512,41): warning C4305: 'argument': truncation from 'double' to 'const GLfloat'
D:\btlnhoms6\btl\OpenGL\main.cpp(513,25): warning C4305: 'argument': truncation from 'double' to 'GLfloat'
D:\btlnhoms6\btl\OpenGL\main.cpp(514,24): warning C4305: 'argument': truncation from 'double' to 'GLfloat'
D:\btlnhoms6\btl\OpenGL\main.cpp(516,42): warning C4305: 'argument': truncation from 'double' to 'const GLfloat'
D:\btlnhoms6\btl\OpenGL\main.cpp(517,25): warning C4305: 'argument': truncation from 'double' to 'GLfloat'
D:\btlnhoms6\btl\OpenGL\main.cpp(518,24): warning C4305: 'argument': truncation from 'double' to 'GLfloat'
D:\btlnhoms6\btl\OpenGL\main.cpp(521,36): warning C4305: 'argument': truncation from 'double' to 'const GLfloat'
D:\btlnhoms6\btl\OpenGL\main.cpp(523,26): warning C4305: 'argument': truncation from 'double' to 'GLfloat'
D:\btlnhoms6\btl\OpenGL\main.cpp(525,36): warning C4305: 'argument': truncation from 'double' to 'const GLfloat'
D:\btlnhoms6\btl\OpenGL\main.cpp(526,25): warning C4305: 'argument': truncation from 'double' to 'GLfloat'
D:\btlnhoms6\btl\OpenGL\main.cpp(527,25): warning C4305: 'argument': truncation from 'double' to 'GLfloat'
D:\btlnhoms6\btl\OpenGL\main.cpp(529,40): warning C4305: 'argument': truncation from 'double' to 'const GLfloat'
D:\btlnhoms6\btl\OpenGL\main.cpp(530,25): warning C4305: 'argument': truncation from 'double' to 'GLfloat'
D:\btlnhoms6\btl\OpenGL\main.cpp(531,24): warning C4305: 'argument': truncation from 'double' to 'GLfloat'
D:\btlnhoms6\btl\OpenGL\main.cpp(537,40): warning C4305: 'argument': truncation from 'double' to 'const GLfloat'
D:\btlnhoms6\btl\OpenGL\main.cpp(538,25): warning C4305: 'argument': truncation from 'double' to 'GLfloat'
D:\btlnhoms6\btl\OpenGL\main.cpp(539,24): warning C4305: 'argument': truncation from 'double' to 'GLfloat'
D:\btlnhoms6\btl\OpenGL\main.cpp(541,44): warning C4305: 'argument': truncation from 'double' to 'const GLfloat'
D:\btlnhoms6\btl\OpenGL\main.cpp(542,25): warning C4305: 'argument': truncation from 'double' to 'GLfloat'
D:\btlnhoms6\btl\OpenGL\main.cpp(543,24): warning C4305: 'argument': truncation from 'double' to 'GLfloat'
D:\btlnhoms6\btl\OpenGL\main.cpp(545,45): warning C4305: 'argument': truncation from 'double' to 'const GLfloat'
D:\btlnhoms6\btl\OpenGL\main.cpp(546,25): warning C4305: 'argument': truncation from 'double' to 'GLfloat'
D:\btlnhoms6\btl\OpenGL\main.cpp(547,24): warning C4305: 'argument': truncation from 'double' to 'GLfloat'
D:\btlnhoms6\btl\OpenGL\main.cpp(550,35): warning C4305: 'argument': truncation from 'double' to 'const GLfloat'
D:\btlnhoms6\btl\OpenGL\main.cpp(552,26): warning C4305: 'argument': truncation from 'double' to 'GLfloat'
D:\btlnhoms6\btl\OpenGL\main.cpp(554,35): warning C4305: 'argument': truncation from 'double' to 'const GLfloat'
D:\btlnhoms6\btl\OpenGL\main.cpp(555,25): warning C4305: 'argument': truncation from 'double' to 'GLfloat'
D:\btlnhoms6\btl\OpenGL\main.cpp(556,25): warning C4305: 'argument': truncation from 'double' to 'GLfloat'
D:\btlnhoms6\btl\OpenGL\main.cpp(558,39): warning C4305: 'argument': truncation from 'double' to 'const GLfloat'
D:\btlnhoms6\btl\OpenGL\main.cpp(559,25): warning C4305: 'argument': truncation from 'double' to 'GLfloat'
D:\btlnhoms6\btl\OpenGL\main.cpp(560,24): warning C4305: 'argument': truncation from 'double' to 'GLfloat'
D:\btlnhoms6\btl\OpenGL\main.cpp(562,39): warning C4305: 'argument': truncation from 'double' to 'const GLfloat'
D:\btlnhoms6\btl\OpenGL\main.cpp(563,25): warning C4305: 'argument': truncation from 'double' to 'GLfloat'
D:\btlnhoms6\btl\OpenGL\main.cpp(564,24): warning C4305: 'argument': truncation from 'double' to 'GLfloat'
D:\btlnhoms6\btl\OpenGL\main.cpp(570,43): warning C4305: 'argument': truncation from 'double' to 'const GLfloat'
D:\btlnhoms6\btl\OpenGL\main.cpp(571,25): warning C4305: 'argument': truncation from 'double' to 'GLfloat'
D:\btlnhoms6\btl\OpenGL\main.cpp(572,24): warning C4305: 'argument': truncation from 'double' to 'GLfloat'
D:\btlnhoms6\btl\OpenGL\main.cpp(574,44): warning C4305: 'argument': truncation from 'double' to 'const GLfloat'
D:\btlnhoms6\btl\OpenGL\main.cpp(575,25): warning C4305: 'argument': truncation from 'double' to 'GLfloat'
D:\btlnhoms6\btl\OpenGL\main.cpp(576,24): warning C4305: 'argument': truncation from 'double' to 'GLfloat'
D:\btlnhoms6\btl\OpenGL\main.cpp(579,36): warning C4305: 'argument': truncation from 'double' to 'const GLfloat'
D:\btlnhoms6\btl\OpenGL\main.cpp(579,81): warning C4305: 'argument': truncation from 'double' to 'const GLfloat'
D:\btlnhoms6\btl\OpenGL\main.cpp(581,26): warning C4305: 'argument': truncation from 'double' to 'GLfloat'
D:\btlnhoms6\btl\OpenGL\main.cpp(583,49): warning C4305: 'argument': truncation from 'double' to 'const GLfloat'
D:\btlnhoms6\btl\OpenGL\main.cpp(584,25): warning C4305: 'argument': truncation from 'double' to 'GLfloat'
D:\btlnhoms6\btl\OpenGL\main.cpp(585,25): warning C4305: 'argument': truncation from 'double' to 'GLfloat'
D:\btlnhoms6\btl\OpenGL\main.cpp(587,39): warning C4305: 'argument': truncation from 'double' to 'const GLfloat'
D:\btlnhoms6\btl\OpenGL\main.cpp(588,25): warning C4305: 'argument': truncation from 'double' to 'GLfloat'
D:\btlnhoms6\btl\OpenGL\main.cpp(589,24): warning C4305: 'argument': truncation from 'double' to 'GLfloat'
D:\btlnhoms6\btl\OpenGL\main.cpp(591,39): warning C4305: 'argument': truncation from 'double' to 'const GLfloat'
D:\btlnhoms6\btl\OpenGL\main.cpp(592,25): warning C4305: 'argument': truncation from 'double' to 'GLfloat'
D:\btlnhoms6\btl\OpenGL\main.cpp(593,24): warning C4305: 'argument': truncation from 'double' to 'GLfloat'
D:\btlnhoms6\btl\OpenGL\main.cpp(599,43): warning C4305: 'argument': truncation from 'double' to 'const GLfloat'
D:\btlnhoms6\btl\OpenGL\main.cpp(600,25): warning C4305: 'argument': truncation from 'double' to 'GLfloat'
D:\btlnhoms6\btl\OpenGL\main.cpp(601,24): warning C4305: 'argument': truncation from 'double' to 'GLfloat'
D:\btlnhoms6\btl\OpenGL\main.cpp(603,44): warning C4305: 'argument': truncation from 'double' to 'const GLfloat'
D:\btlnhoms6\btl\OpenGL\main.cpp(604,25): warning C4305: 'argument': truncation from 'double' to 'GLfloat'
D:\btlnhoms6\btl\OpenGL\main.cpp(605,24): warning C4305: 'argument': truncation from 'double' to 'GLfloat'
D:\btlnhoms6\btl\OpenGL\main.cpp(610,26): warning C4305: 'argument': truncation from 'double' to 'GLfloat'
D:\btlnhoms6\btl\OpenGL\main.cpp(612,37): warning C4305: 'argument': truncation from 'double' to 'const GLfloat'
D:\btlnhoms6\btl\OpenGL\main.cpp(613,25): warning C4305: 'argument': truncation from 'double' to 'GLfloat'
D:\btlnhoms6\btl\OpenGL\main.cpp(614,25): warning C4305: 'argument': truncation from 'double' to 'GLfloat'
D:\btlnhoms6\btl\OpenGL\main.cpp(616,39): warning C4305: 'argument': truncation from 'double' to 'const GLfloat'
D:\btlnhoms6\btl\OpenGL\main.cpp(617,25): warning C4305: 'argument': truncation from 'double' to 'GLfloat'
D:\btlnhoms6\btl\OpenGL\main.cpp(618,24): warning C4305: 'argument': truncation from 'double' to 'GLfloat'
D:\btlnhoms6\btl\OpenGL\main.cpp(620,43): warning C4305: 'argument': truncation from 'double' to 'const GLfloat'
D:\btlnhoms6\btl\OpenGL\main.cpp(621,25): warning C4305: 'argument': truncation from 'double' to 'GLfloat'
D:\btlnhoms6\btl\OpenGL\main.cpp(622,24): warning C4305: 'argument': truncation from 'double' to 'GLfloat'
D:\btlnhoms6\btl\OpenGL\main.cpp(624,44): warning C4305: 'argument': truncation from 'double' to 'const GLfloat'
D:\btlnhoms6\btl\OpenGL\main.cpp(625,25): warning C4305: 'argument': truncation from 'double' to 'GLfloat'
D:\btlnhoms6\btl\OpenGL\main.cpp(626,24): warning C4305: 'argument': truncation from 'double' to 'GLfloat'
D:\btlnhoms6\btl\OpenGL\main.cpp(628,39): warning C4305: 'argument': truncation from 'double' to 'const GLfloat'
D:\btlnhoms6\btl\OpenGL\main.cpp(629,25): warning C4305: 'argument': truncation from 'double' to 'GLfloat'
D:\btlnhoms6\btl\OpenGL\main.cpp(630,24): warning C4305: 'argument': truncation from 'double' to 'GLfloat'
D:\btlnhoms6\btl\OpenGL\main.cpp(637,39): warning C4305: 'argument': truncation from 'double' to 'const GLfloat'
D:\btlnhoms6\btl\OpenGL\main.cpp(637,84): warning C4305: 'argument': truncation from 'double' to 'const GLfloat'
D:\btlnhoms6\btl\OpenGL\main.cpp(639,26): warning C4305: 'argument': truncation from 'double' to 'GLfloat'
D:\btlnhoms6\btl\OpenGL\main.cpp(641,49): warning C4305: 'argument': truncation from 'double' to 'const GLfloat'
D:\btlnhoms6\btl\OpenGL\main.cpp(642,25): warning C4305: 'argument': truncation from 'double' to 'GLfloat'
D:\btlnhoms6\btl\OpenGL\main.cpp(643,25): warning C4305: 'argument': truncation from 'double' to 'GLfloat'
D:\btlnhoms6\btl\OpenGL\main.cpp(645,42): warning C4305: 'argument': truncation from 'double' to 'const GLfloat'
D:\btlnhoms6\btl\OpenGL\main.cpp(646,25): warning C4305: 'argument': truncation from 'double' to 'GLfloat'
D:\btlnhoms6\btl\OpenGL\main.cpp(647,24): warning C4305: 'argument': truncation from 'double' to 'GLfloat'
D:\btlnhoms6\btl\OpenGL\main.cpp(653,42): warning C4305: 'argument': truncation from 'double' to 'const GLfloat'
D:\btlnhoms6\btl\OpenGL\main.cpp(654,25): warning C4305: 'argument': truncation from 'double' to 'GLfloat'
D:\btlnhoms6\btl\OpenGL\main.cpp(655,24): warning C4305: 'argument': truncation from 'double' to 'GLfloat'
D:\btlnhoms6\btl\OpenGL\main.cpp(657,42): warning C4305: 'argument': truncation from 'double' to 'const GLfloat'
D:\btlnhoms6\btl\OpenGL\main.cpp(658,25): warning C4305: 'argument': truncation from 'double' to 'GLfloat'
D:\btlnhoms6\btl\OpenGL\main.cpp(659,24): warning C4305: 'argument': truncation from 'double' to 'GLfloat'
D:\btlnhoms6\btl\OpenGL\main.cpp(666,38): warning C4305: 'argument': truncation from 'double' to 'const GLfloat'
D:\btlnhoms6\btl\OpenGL\main.cpp(666,83): warning C4305: 'argument': truncation from 'double' to 'const GLfloat'
D:\btlnhoms6\btl\OpenGL\main.cpp(668,26): warning C4305: 'argument': truncation from 'double' to 'GLfloat'
D:\btlnhoms6\btl\OpenGL\main.cpp(670,49): warning C4305: 'argument': truncation from 'double' to 'const GLfloat'
D:\btlnhoms6\btl\OpenGL\main.cpp(671,25): warning C4305: 'argument': truncation from 'double' to 'GLfloat'
D:\btlnhoms6\btl\OpenGL\main.cpp(672,25): warning C4305: 'argument': truncation from 'double' to 'GLfloat'
D:\btlnhoms6\btl\OpenGL\main.cpp(674,41): warning C4305: 'argument': truncation from 'double' to 'const GLfloat'
D:\btlnhoms6\btl\OpenGL\main.cpp(675,25): warning C4305: 'argument': truncation from 'double' to 'GLfloat'
D:\btlnhoms6\btl\OpenGL\main.cpp(676,24): warning C4305: 'argument': truncation from 'double' to 'GLfloat'
D:\btlnhoms6\btl\OpenGL\main.cpp(678,41): warning C4305: 'argument': truncation from 'double' to 'const GLfloat'
D:\btlnhoms6\btl\OpenGL\main.cpp(679,25): warning C4305: 'argument': truncation from 'double' to 'GLfloat'
D:\btlnhoms6\btl\OpenGL\main.cpp(680,24): warning C4305: 'argument': truncation from 'double' to 'GLfloat'
D:\btlnhoms6\btl\OpenGL\main.cpp(686,41): warning C4305: 'argument': truncation from 'double' to 'const GLfloat'
D:\btlnhoms6\btl\OpenGL\main.cpp(687,25): warning C4305: 'argument': truncation from 'double' to 'GLfloat'
D:\btlnhoms6\btl\OpenGL\main.cpp(688,24): warning C4305: 'argument': truncation from 'double' to 'GLfloat'
D:\btlnhoms6\btl\OpenGL\main.cpp(695,37): warning C4305: 'argument': truncation from 'double' to 'const GLfloat'
D:\btlnhoms6\btl\OpenGL\main.cpp(697,26): warning C4305: 'argument': truncation from 'double' to 'GLfloat'
D:\btlnhoms6\btl\OpenGL\main.cpp(699,37): warning C4305: 'argument': truncation from 'double' to 'const GLfloat'
D:\btlnhoms6\btl\OpenGL\main.cpp(700,25): warning C4305: 'argument': truncation from 'double' to 'GLfloat'
D:\btlnhoms6\btl\OpenGL\main.cpp(701,25): warning C4305: 'argument': truncation from 'double' to 'GLfloat'
D:\btlnhoms6\btl\OpenGL\main.cpp(703,41): warning C4305: 'argument': truncation from 'double' to 'const GLfloat'
D:\btlnhoms6\btl\OpenGL\main.cpp(704,25): warning C4305: 'argument': truncation from 'double' to 'GLfloat'
D:\btlnhoms6\btl\OpenGL\main.cpp(705,24): warning C4305: 'argument': truncation from 'double' to 'GLfloat'
D:\btlnhoms6\btl\OpenGL\main.cpp(707,41): warning C4305: 'argument': truncation from 'double' to 'const GLfloat'
D:\btlnhoms6\btl\OpenGL\main.cpp(708,25): warning C4305: 'argument': truncation from 'double' to 'GLfloat'
D:\btlnhoms6\btl\OpenGL\main.cpp(709,24): warning C4305: 'argument': truncation from 'double' to 'GLfloat'
D:\btlnhoms6\btl\OpenGL\main.cpp(715,41): warning C4305: 'argument': truncation from 'double' to 'const GLfloat'
D:\btlnhoms6\btl\OpenGL\main.cpp(716,25): warning C4305: 'argument': truncation from 'double' to 'GLfloat'
D:\btlnhoms6\btl\OpenGL\main.cpp(717,24): warning C4305: 'argument': truncation from 'double' to 'GLfloat'
D:\btlnhoms6\btl\OpenGL\main.cpp(726,26): warning C4305: 'argument': truncation from 'double' to 'GLfloat'
D:\btlnhoms6\btl\OpenGL\main.cpp(728,38): warning C4305: 'argument': truncation from 'double' to 'const GLfloat'
D:\btlnhoms6\btl\OpenGL\main.cpp(729,25): warning C4305: 'argument': truncation from 'double' to 'GLfloat'
D:\btlnhoms6\btl\OpenGL\main.cpp(730,25): warning C4305: 'argument': truncation from 'double' to 'GLfloat'
D:\btlnhoms6\btl\OpenGL\main.cpp(732,40): warning C4305: 'argument': truncation from 'double' to 'const GLfloat'
D:\btlnhoms6\btl\OpenGL\main.cpp(733,25): warning C4305: 'argument': truncation from 'double' to 'GLfloat'
D:\btlnhoms6\btl\OpenGL\main.cpp(734,24): warning C4305: 'argument': truncation from 'double' to 'GLfloat'
D:\btlnhoms6\btl\OpenGL\main.cpp(736,44): warning C4305: 'argument': truncation from 'double' to 'const GLfloat'
D:\btlnhoms6\btl\OpenGL\main.cpp(737,25): warning C4305: 'argument': truncation from 'double' to 'GLfloat'
D:\btlnhoms6\btl\OpenGL\main.cpp(738,24): warning C4305: 'argument': truncation from 'double' to 'GLfloat'
D:\btlnhoms6\btl\OpenGL\main.cpp(740,45): warning C4305: 'argument': truncation from 'double' to 'const GLfloat'
D:\btlnhoms6\btl\OpenGL\main.cpp(741,25): warning C4305: 'argument': truncation from 'double' to 'GLfloat'
D:\btlnhoms6\btl\OpenGL\main.cpp(742,24): warning C4305: 'argument': truncation from 'double' to 'GLfloat'
D:\btlnhoms6\btl\OpenGL\main.cpp(748,40): warning C4305: 'argument': truncation from 'double' to 'const GLfloat'
D:\btlnhoms6\btl\OpenGL\main.cpp(749,25): warning C4305: 'argument': truncation from 'double' to 'GLfloat'
D:\btlnhoms6\btl\OpenGL\main.cpp(750,24): warning C4305: 'argument': truncation from 'double' to 'GLfloat'
D:\btlnhoms6\btl\OpenGL\main.cpp(753,40): warning C4305: 'argument': truncation from 'double' to 'const GLfloat'
D:\btlnhoms6\btl\OpenGL\main.cpp(753,85): warning C4305: 'argument': truncation from 'double' to 'const GLfloat'
D:\btlnhoms6\btl\OpenGL\main.cpp(755,26): warning C4305: 'argument': truncation from 'double' to 'GLfloat'
D:\btlnhoms6\btl\OpenGL\main.cpp(757,49): warning C4305: 'argument': truncation from 'double' to 'const GLfloat'
D:\btlnhoms6\btl\OpenGL\main.cpp(758,25): warning C4305: 'argument': truncation from 'double' to 'GLfloat'
D:\btlnhoms6\btl\OpenGL\main.cpp(759,25): warning C4305: 'argument': truncation from 'double' to 'GLfloat'
D:\btlnhoms6\btl\OpenGL\main.cpp(761,43): warning C4305: 'argument': truncation from 'double' to 'const GLfloat'
D:\btlnhoms6\btl\OpenGL\main.cpp(762,25): warning C4305: 'argument': truncation from 'double' to 'GLfloat'
D:\btlnhoms6\btl\OpenGL\main.cpp(763,24): warning C4305: 'argument': truncation from 'double' to 'GLfloat'
D:\btlnhoms6\btl\OpenGL\main.cpp(769,43): warning C4305: 'argument': truncation from 'double' to 'const GLfloat'
D:\btlnhoms6\btl\OpenGL\main.cpp(770,25): warning C4305: 'argument': truncation from 'double' to 'GLfloat'
D:\btlnhoms6\btl\OpenGL\main.cpp(771,24): warning C4305: 'argument': truncation from 'double' to 'GLfloat'
D:\btlnhoms6\btl\OpenGL\main.cpp(777,43): warning C4305: 'argument': truncation from 'double' to 'const GLfloat'
D:\btlnhoms6\btl\OpenGL\main.cpp(778,25): warning C4305: 'argument': truncation from 'double' to 'GLfloat'
D:\btlnhoms6\btl\OpenGL\main.cpp(779,24): warning C4305: 'argument': truncation from 'double' to 'GLfloat'
D:\btlnhoms6\btl\OpenGL\main.cpp(782,39): warning C4305: 'argument': truncation from 'double' to 'const GLfloat'
D:\btlnhoms6\btl\OpenGL\main.cpp(782,84): warning C4305: 'argument': truncation from 'double' to 'const GLfloat'
D:\btlnhoms6\btl\OpenGL\main.cpp(784,26): warning C4305: 'argument': truncation from 'double' to 'GLfloat'
D:\btlnhoms6\btl\OpenGL\main.cpp(786,49): warning C4305: 'argument': truncation from 'double' to 'const GLfloat'
D:\btlnhoms6\btl\OpenGL\main.cpp(787,25): warning C4305: 'argument': truncation from 'double' to 'GLfloat'
D:\btlnhoms6\btl\OpenGL\main.cpp(788,25): warning C4305: 'argument': truncation from 'double' to 'GLfloat'
D:\btlnhoms6\btl\OpenGL\main.cpp(790,42): warning C4305: 'argument': truncation from 'double' to 'const GLfloat'
D:\btlnhoms6\btl\OpenGL\main.cpp(791,25): warning C4305: 'argument': truncation from 'double' to 'GLfloat'
D:\btlnhoms6\btl\OpenGL\main.cpp(792,24): warning C4305: 'argument': truncation from 'double' to 'GLfloat'
D:\btlnhoms6\btl\OpenGL\main.cpp(794,42): warning C4305: 'argument': truncation from 'double' to 'const GLfloat'
D:\btlnhoms6\btl\OpenGL\main.cpp(795,25): warning C4305: 'argument': truncation from 'double' to 'GLfloat'
D:\btlnhoms6\btl\OpenGL\main.cpp(796,24): warning C4305: 'argument': truncation from 'double' to 'GLfloat'
D:\btlnhoms6\btl\OpenGL\main.cpp(802,42): warning C4305: 'argument': truncation from 'double' to 'const GLfloat'
D:\btlnhoms6\btl\OpenGL\main.cpp(803,25): warning C4305: 'argument': truncation from 'double' to 'GLfloat'
D:\btlnhoms6\btl\OpenGL\main.cpp(804,24): warning C4305: 'argument': truncation from 'double' to 'GLfloat'
D:\btlnhoms6\btl\OpenGL\main.cpp(811,38): warning C4305: 'argument': truncation from 'double' to 'const GLfloat'
D:\btlnhoms6\btl\OpenGL\main.cpp(813,26): warning C4305: 'argument': truncation from 'double' to 'GLfloat'
D:\btlnhoms6\btl\OpenGL\main.cpp(815,38): warning C4305: 'argument': truncation from 'double' to 'const GLfloat'
D:\btlnhoms6\btl\OpenGL\main.cpp(816,25): warning C4305: 'argument': truncation from 'double' to 'GLfloat'
D:\btlnhoms6\btl\OpenGL\main.cpp(817,25): warning C4305: 'argument': truncation from 'double' to 'GLfloat'
D:\btlnhoms6\btl\OpenGL\main.cpp(819,42): warning C4305: 'argument': truncation from 'double' to 'const GLfloat'
D:\btlnhoms6\btl\OpenGL\main.cpp(820,25): warning C4305: 'argument': truncation from 'double' to 'GLfloat'
D:\btlnhoms6\btl\OpenGL\main.cpp(821,24): warning C4305: 'argument': truncation from 'double' to 'GLfloat'
D:\btlnhoms6\btl\OpenGL\main.cpp(823,42): warning C4305: 'argument': truncation from 'double' to 'const GLfloat'
D:\btlnhoms6\btl\OpenGL\main.cpp(824,25): warning C4305: 'argument': truncation from 'double' to 'GLfloat'
D:\btlnhoms6\btl\OpenGL\main.cpp(825,24): warning C4305: 'argument': truncation from 'double' to 'GLfloat'
D:\btlnhoms6\btl\OpenGL\main.cpp(831,42): warning C4305: 'argument': truncation from 'double' to 'const GLfloat'
D:\btlnhoms6\btl\OpenGL\main.cpp(832,25): warning C4305: 'argument': truncation from 'double' to 'GLfloat'
D:\btlnhoms6\btl\OpenGL\main.cpp(833,24): warning C4305: 'argument': truncation from 'double' to 'GLfloat'
D:\btlnhoms6\btl\OpenGL\main.cpp(842,26): warning C4305: 'argument': truncation from 'double' to 'GLfloat'
D:\btlnhoms6\btl\OpenGL\main.cpp(844,37): warning C4305: 'argument': truncation from 'double' to 'const GLfloat'
D:\btlnhoms6\btl\OpenGL\main.cpp(845,25): warning C4305: 'argument': truncation from 'double' to 'GLfloat'
D:\btlnhoms6\btl\OpenGL\main.cpp(846,25): warning C4305: 'argument': truncation from 'double' to 'GLfloat'
D:\btlnhoms6\btl\OpenGL\main.cpp(848,39): warning C4305: 'argument': truncation from 'double' to 'const GLfloat'
D:\btlnhoms6\btl\OpenGL\main.cpp(849,25): warning C4305: 'argument': truncation from 'double' to 'GLfloat'
D:\btlnhoms6\btl\OpenGL\main.cpp(850,24): warning C4305: 'argument': truncation from 'double' to 'GLfloat'
D:\btlnhoms6\btl\OpenGL\main.cpp(852,43): warning C4305: 'argument': truncation from 'double' to 'const GLfloat'
D:\btlnhoms6\btl\OpenGL\main.cpp(853,25): warning C4305: 'argument': truncation from 'double' to 'GLfloat'
D:\btlnhoms6\btl\OpenGL\main.cpp(854,24): warning C4305: 'argument': truncation from 'double' to 'GLfloat'
D:\btlnhoms6\btl\OpenGL\main.cpp(856,44): warning C4305: 'argument': truncation from 'double' to 'const GLfloat'
D:\btlnhoms6\btl\OpenGL\main.cpp(857,25): warning C4305: 'argument': truncation from 'double' to 'GLfloat'
D:\btlnhoms6\btl\OpenGL\main.cpp(858,24): warning C4305: 'argument': truncation from 'double' to 'GLfloat'
D:\btlnhoms6\btl\OpenGL\main.cpp(860,39): warning C4305: 'argument': truncation from 'double' to 'const GLfloat'
D:\btlnhoms6\btl\OpenGL\main.cpp(861,25): warning C4305: 'argument': truncation from 'double' to 'GLfloat'
D:\btlnhoms6\btl\OpenGL\main.cpp(862,24): warning C4305: 'argument': truncation from 'double' to 'GLfloat'
D:\btlnhoms6\btl\OpenGL\main.cpp(869,38): warning C4305: 'argument': truncation from 'double' to 'const GLfloat'
D:\btlnhoms6\btl\OpenGL\main.cpp(871,26): warning C4305: 'argument': truncation from 'double' to 'GLfloat'
D:\btlnhoms6\btl\OpenGL\main.cpp(873,38): warning C4305: 'argument': truncation from 'double' to 'const GLfloat'
D:\btlnhoms6\btl\OpenGL\main.cpp(874,25): warning C4305: 'argument': truncation from 'double' to 'GLfloat'
D:\btlnhoms6\btl\OpenGL\main.cpp(875,25): warning C4305: 'argument': truncation from 'double' to 'GLfloat'
D:\btlnhoms6\btl\OpenGL\main.cpp(877,42): warning C4305: 'argument': truncation from 'double' to 'const GLfloat'
D:\btlnhoms6\btl\OpenGL\main.cpp(878,25): warning C4305: 'argument': truncation from 'double' to 'GLfloat'
D:\btlnhoms6\btl\OpenGL\main.cpp(879,24): warning C4305: 'argument': truncation from 'double' to 'GLfloat'
D:\btlnhoms6\btl\OpenGL\main.cpp(885,42): warning C4305: 'argument': truncation from 'double' to 'const GLfloat'
D:\btlnhoms6\btl\OpenGL\main.cpp(886,25): warning C4305: 'argument': truncation from 'double' to 'GLfloat'
D:\btlnhoms6\btl\OpenGL\main.cpp(887,24): warning C4305: 'argument': truncation from 'double' to 'GLfloat'
D:\btlnhoms6\btl\OpenGL\main.cpp(889,42): warning C4305: 'argument': truncation from 'double' to 'const GLfloat'
D:\btlnhoms6\btl\OpenGL\main.cpp(890,25): warning C4305: 'argument': truncation from 'double' to 'GLfloat'
D:\btlnhoms6\btl\OpenGL\main.cpp(891,24): warning C4305: 'argument': truncation from 'double' to 'GLfloat'
D:\btlnhoms6\btl\OpenGL\main.cpp(898,37): warning C4305: 'argument': truncation from 'double' to 'const GLfloat'
D:\btlnhoms6\btl\OpenGL\main.cpp(900,26): warning C4305: 'argument': truncation from 'double' to 'GLfloat'
D:\btlnhoms6\btl\OpenGL\main.cpp(902,37): warning C4305: 'argument': truncation from 'double' to 'const GLfloat'
D:\btlnhoms6\btl\OpenGL\main.cpp(903,25): warning C4305: 'argument': truncation from 'double' to 'GLfloat'
D:\btlnhoms6\btl\OpenGL\main.cpp(904,25): warning C4305: 'argument': truncation from 'double' to 'GLfloat'
D:\btlnhoms6\btl\OpenGL\main.cpp(906,41): warning C4305: 'argument': truncation from 'double' to 'const GLfloat'
D:\btlnhoms6\btl\OpenGL\main.cpp(907,25): warning C4305: 'argument': truncation from 'double' to 'GLfloat'
D:\btlnhoms6\btl\OpenGL\main.cpp(908,24): warning C4305: 'argument': truncation from 'double' to 'GLfloat'
D:\btlnhoms6\btl\OpenGL\main.cpp(910,41): warning C4305: 'argument': truncation from 'double' to 'const GLfloat'
D:\btlnhoms6\btl\OpenGL\main.cpp(911,25): warning C4305: 'argument': truncation from 'double' to 'GLfloat'
D:\btlnhoms6\btl\OpenGL\main.cpp(912,24): warning C4305: 'argument': truncation from 'double' to 'GLfloat'
D:\btlnhoms6\btl\OpenGL\main.cpp(918,41): warning C4305: 'argument': truncation from 'double' to 'const GLfloat'
D:\btlnhoms6\btl\OpenGL\main.cpp(919,25): warning C4305: 'argument': truncation from 'double' to 'GLfloat'
D:\btlnhoms6\btl\OpenGL\main.cpp(920,24): warning C4305: 'argument': truncation from 'double' to 'GLfloat'
D:\btlnhoms6\btl\OpenGL\main.cpp(927,37): warning C4305: 'argument': truncation from 'double' to 'const GLfloat'
D:\btlnhoms6\btl\OpenGL\main.cpp(929,26): warning C4305: 'argument': truncation from 'double' to 'GLfloat'
D:\btlnhoms6\btl\OpenGL\main.cpp(931,37): warning C4305: 'argument': truncation from 'double' to 'const GLfloat'
D:\btlnhoms6\btl\OpenGL\main.cpp(932,25): warning C4305: 'argument': truncation from 'double' to 'GLfloat'
D:\btlnhoms6\btl\OpenGL\main.cpp(933,25): warning C4305: 'argument': truncation from 'double' to 'GLfloat'
D:\btlnhoms6\btl\OpenGL\main.cpp(935,41): warning C4305: 'argument': truncation from 'double' to 'const GLfloat'
D:\btlnhoms6\btl\OpenGL\main.cpp(936,25): warning C4305: 'argument': truncation from 'double' to 'GLfloat'
D:\btlnhoms6\btl\OpenGL\main.cpp(937,24): warning C4305: 'argument': truncation from 'double' to 'GLfloat'
D:\btlnhoms6\btl\OpenGL\main.cpp(939,41): warning C4305: 'argument': truncation from 'double' to 'const GLfloat'
D:\btlnhoms6\btl\OpenGL\main.cpp(940,25): warning C4305: 'argument': truncation from 'double' to 'GLfloat'
D:\btlnhoms6\btl\OpenGL\main.cpp(941,24): warning C4305: 'argument': truncation from 'double' to 'GLfloat'
D:\btlnhoms6\btl\OpenGL\main.cpp(947,41): warning C4305: 'argument': truncation from 'double' to 'const GLfloat'
D:\btlnhoms6\btl\OpenGL\main.cpp(948,25): warning C4305: 'argument': truncation from 'double' to 'GLfloat'
D:\btlnhoms6\btl\OpenGL\main.cpp(949,24): warning C4305: 'argument': truncation from 'double' to 'GLfloat'
D:\btlnhoms6\btl\OpenGL\main.cpp(956,39): warning C4305: 'argument': truncation from 'double' to 'const GLfloat'
D:\btlnhoms6\btl\OpenGL\main.cpp(956,84): warning C4305: 'argument': truncation from 'double' to 'const GLfloat'
D:\btlnhoms6\btl\OpenGL\main.cpp(958,26): warning C4305: 'argument': truncation from 'double' to 'GLfloat'
D:\btlnhoms6\btl\OpenGL\main.cpp(960,49): warning C4305: 'argument': truncation from 'double' to 'const GLfloat'
D:\btlnhoms6\btl\OpenGL\main.cpp(961,25): warning C4305: 'argument': truncation from 'double' to 'GLfloat'
D:\btlnhoms6\btl\OpenGL\main.cpp(962,25): warning C4305: 'argument': truncation from 'double' to 'GLfloat'
D:\btlnhoms6\btl\OpenGL\main.cpp(964,39): warning C4305: 'argument': truncation from 'double' to 'const GLfloat'
D:\btlnhoms6\btl\OpenGL\main.cpp(965,25): warning C4305: 'argument': truncation from 'double' to 'GLfloat'
D:\btlnhoms6\btl\OpenGL\main.cpp(966,24): warning C4305: 'argument': truncation from 'double' to 'GLfloat'
D:\btlnhoms6\btl\OpenGL\main.cpp(968,43): warning C4305: 'argument': truncation from 'double' to 'const GLfloat'
D:\btlnhoms6\btl\OpenGL\main.cpp(969,25): warning C4305: 'argument': truncation from 'double' to 'GLfloat'
D:\btlnhoms6\btl\OpenGL\main.cpp(970,24): warning C4305: 'argument': truncation from 'double' to 'GLfloat'
D:\btlnhoms6\btl\OpenGL\main.cpp(972,44): warning C4305: 'argument': truncation from 'double' to 'const GLfloat'
D:\btlnhoms6\btl\OpenGL\main.cpp(973,25): warning C4305: 'argument': truncation from 'double' to 'GLfloat'
D:\btlnhoms6\btl\OpenGL\main.cpp(974,24): warning C4305: 'argument': truncation from 'double' to 'GLfloat'
D:\btlnhoms6\btl\OpenGL\main.cpp(976,39): warning C4305: 'argument': truncation from 'double' to 'const GLfloat'
D:\btlnhoms6\btl\OpenGL\main.cpp(977,25): warning C4305: 'argument': truncation from 'double' to 'GLfloat'
D:\btlnhoms6\btl\OpenGL\main.cpp(978,24): warning C4305: 'argument': truncation from 'double' to 'GLfloat'
D:\btlnhoms6\btl\OpenGL\main.cpp(985,38): warning C4305: 'argument': truncation from 'double' to 'const GLfloat'
D:\btlnhoms6\btl\OpenGL\main.cpp(987,26): warning C4305: 'argument': truncation from 'double' to 'GLfloat'
D:\btlnhoms6\btl\OpenGL\main.cpp(989,38): warning C4305: 'argument': truncation from 'double' to 'const GLfloat'
D:\btlnhoms6\btl\OpenGL\main.cpp(990,25): warning C4305: 'argument': truncation from 'double' to 'GLfloat'
D:\btlnhoms6\btl\OpenGL\main.cpp(991,25): warning C4305: 'argument': truncation from 'double' to 'GLfloat'
D:\btlnhoms6\btl\OpenGL\main.cpp(993,42): warning C4305: 'argument': truncation from 'double' to 'const GLfloat'
D:\btlnhoms6\btl\OpenGL\main.cpp(994,25): warning C4305: 'argument': truncation from 'double' to 'GLfloat'
D:\btlnhoms6\btl\OpenGL\main.cpp(995,24): warning C4305: 'argument': truncation from 'double' to 'GLfloat'
D:\btlnhoms6\btl\OpenGL\main.cpp(1001,42): warning C4305: 'argument': truncation from 'double' to 'const GLfloat'
D:\btlnhoms6\btl\OpenGL\main.cpp(1002,25): warning C4305: 'argument': truncation from 'double' to 'GLfloat'
D:\btlnhoms6\btl\OpenGL\main.cpp(1003,24): warning C4305: 'argument': truncation from 'double' to 'GLfloat'
D:\btlnhoms6\btl\OpenGL\main.cpp(1005,42): warning C4305: 'argument': truncation from 'double' to 'const GLfloat'
D:\btlnhoms6\btl\OpenGL\main.cpp(1006,25): warning C4305: 'argument': truncation from 'double' to 'GLfloat'
D:\btlnhoms6\btl\OpenGL\main.cpp(1007,24): warning C4305: 'argument': truncation from 'double' to 'GLfloat'
D:\btlnhoms6\btl\OpenGL\main.cpp(1014,37): warning C4305: 'argument': truncation from 'double' to 'const GLfloat'
D:\btlnhoms6\btl\OpenGL\main.cpp(1016,26): warning C4305: 'argument': truncation from 'double' to 'GLfloat'
D:\btlnhoms6\btl\OpenGL\main.cpp(1018,37): warning C4305: 'argument': truncation from 'double' to 'const GLfloat'
D:\btlnhoms6\btl\OpenGL\main.cpp(1019,25): warning C4305: 'argument': truncation from 'double' to 'GLfloat'
D:\btlnhoms6\btl\OpenGL\main.cpp(1020,25): warning C4305: 'argument': truncation from 'double' to 'GLfloat'
D:\btlnhoms6\btl\OpenGL\main.cpp(1022,41): warning C4305: 'argument': truncation from 'double' to 'const GLfloat'
D:\btlnhoms6\btl\OpenGL\main.cpp(1023,25): warning C4305: 'argument': truncation from 'double' to 'GLfloat'
D:\btlnhoms6\btl\OpenGL\main.cpp(1024,24): warning C4305: 'argument': truncation from 'double' to 'GLfloat'
D:\btlnhoms6\btl\OpenGL\main.cpp(1026,41): warning C4305: 'argument': truncation from 'double' to 'const GLfloat'
D:\btlnhoms6\btl\OpenGL\main.cpp(1027,25): warning C4305: 'argument': truncation from 'double' to 'GLfloat'
D:\btlnhoms6\btl\OpenGL\main.cpp(1028,24): warning C4305: 'argument': truncation from 'double' to 'GLfloat'
D:\btlnhoms6\btl\OpenGL\main.cpp(1034,41): warning C4305: 'argument': truncation from 'double' to 'const GLfloat'
D:\btlnhoms6\btl\OpenGL\main.cpp(1035,25): warning C4305: 'argument': truncation from 'double' to 'GLfloat'
D:\btlnhoms6\btl\OpenGL\main.cpp(1036,24): warning C4305: 'argument': truncation from 'double' to 'GLfloat'
D:\btlnhoms6\btl\OpenGL\main.cpp(1043,37): warning C4305: 'argument': truncation from 'double' to 'const GLfloat'
D:\btlnhoms6\btl\OpenGL\main.cpp(1045,26): warning C4305: 'argument': truncation from 'double' to 'GLfloat'
D:\btlnhoms6\btl\OpenGL\main.cpp(1047,37): warning C4305: 'argument': truncation from 'double' to 'const GLfloat'
D:\btlnhoms6\btl\OpenGL\main.cpp(1048,25): warning C4305: 'argument': truncation from 'double' to 'GLfloat'
D:\btlnhoms6\btl\OpenGL\main.cpp(1049,25): warning C4305: 'argument': truncation from 'double' to 'GLfloat'
D:\btlnhoms6\btl\OpenGL\main.cpp(1051,41): warning C4305: 'argument': truncation from 'double' to 'const GLfloat'
D:\btlnhoms6\btl\OpenGL\main.cpp(1052,25): warning C4305: 'argument': truncation from 'double' to 'GLfloat'
D:\btlnhoms6\btl\OpenGL\main.cpp(1053,24): warning C4305: 'argument': truncation from 'double' to 'GLfloat'
D:\btlnhoms6\btl\OpenGL\main.cpp(1055,41): warning C4305: 'argument': truncation from 'double' to 'const GLfloat'
D:\btlnhoms6\btl\OpenGL\main.cpp(1056,25): warning C4305: 'argument': truncation from 'double' to 'GLfloat'
D:\btlnhoms6\btl\OpenGL\main.cpp(1057,24): warning C4305: 'argument': truncation from 'double' to 'GLfloat'
D:\btlnhoms6\btl\OpenGL\main.cpp(1063,41): warning C4305: 'argument': truncation from 'double' to 'const GLfloat'
D:\btlnhoms6\btl\OpenGL\main.cpp(1064,25): warning C4305: 'argument': truncation from 'double' to 'GLfloat'
D:\btlnhoms6\btl\OpenGL\main.cpp(1065,24): warning C4305: 'argument': truncation from 'double' to 'GLfloat'
D:\btlnhoms6\btl\OpenGL\main.cpp(1085,21): warning C4305: 'argument': truncation from 'double' to 'GLfloat'
D:\btlnhoms6\btl\OpenGL\main.cpp(1086,42): warning C4305: 'argument': truncation from 'double' to 'const GLfloat'
D:\btlnhoms6\btl\OpenGL\main.cpp(1089,20): warning C4305: 'argument': truncation from 'double' to 'GLfloat'
D:\btlnhoms6\btl\OpenGL\main.cpp(1090,43): warning C4305: 'argument': truncation from 'double' to 'const GLfloat'
D:\btlnhoms6\btl\OpenGL\main.cpp(1092,20): warning C4305: 'argument': truncation from 'double' to 'GLfloat'
D:\btlnhoms6\btl\OpenGL\main.cpp(1093,42): warning C4305: 'argument': truncation from 'double' to 'const GLfloat'
D:\btlnhoms6\btl\OpenGL\main.cpp(1095,20): warning C4305: 'argument': truncation from 'double' to 'GLfloat'
D:\btlnhoms6\btl\OpenGL\main.cpp(1096,43): warning C4305: 'argument': truncation from 'double' to 'const GLfloat'
D:\btlnhoms6\btl\OpenGL\main.cpp(1098,20): warning C4305: 'argument': truncation from 'double' to 'GLfloat'
D:\btlnhoms6\btl\OpenGL\main.cpp(1138,21): warning C4305: 'argument': truncation from 'double' to 'GLfloat'
D:\btlnhoms6\btl\OpenGL\main.cpp(1141,48): warning C4305: 'argument': truncation from 'double' to 'const GLfloat'
D:\btlnhoms6\btl\OpenGL\main.cpp(1142,24): warning C4305: 'argument': truncation from 'double' to 'GLfloat'
D:\btlnhoms6\btl\OpenGL\main.cpp(1144,49): warning C4305: 'argument': truncation from 'double' to 'const GLfloat'
D:\btlnhoms6\btl\OpenGL\main.cpp(1145,24): warning C4305: 'argument': truncation from 'double' to 'GLfloat'
D:\btlnhoms6\btl\OpenGL\main.cpp(1147,47): warning C4305: 'argument': truncation from 'double' to 'const GLfloat'
D:\btlnhoms6\btl\OpenGL\main.cpp(1148,24): warning C4305: 'argument': truncation from 'double' to 'GLfloat'
D:\btlnhoms6\btl\OpenGL\main.cpp(1150,48): warning C4305: 'argument': truncation from 'double' to 'const GLfloat'
D:\btlnhoms6\btl\OpenGL\main.cpp(1151,24): warning C4305: 'argument': truncation from 'double' to 'GLfloat'
D:\btlnhoms6\btl\OpenGL\main.cpp(1155,44): warning C4305: 'argument': truncation from 'double' to 'const GLfloat'
D:\btlnhoms6\btl\OpenGL\main.cpp(1156,23): warning C4305: 'argument': truncation from 'double' to 'GLfloat'
D:\btlnhoms6\btl\OpenGL\main.cpp(1158,43): warning C4305: 'argument': truncation from 'double' to 'const GLfloat'
D:\btlnhoms6\btl\OpenGL\main.cpp(1159,23): warning C4305: 'argument': truncation from 'double' to 'GLfloat'
D:\btlnhoms6\btl\OpenGL\main.cpp(1161,43): warning C4305: 'argument': truncation from 'double' to 'const GLfloat'
D:\btlnhoms6\btl\OpenGL\main.cpp(1162,21): warning C4305: 'argument': truncation from 'double' to 'GLfloat'
D:\btlnhoms6\btl\OpenGL\main.cpp(1167,41): warning C4305: 'argument': truncation from 'double' to 'const GLfloat'
D:\btlnhoms6\btl\OpenGL\main.cpp(1168,24): warning C4305: 'argument': truncation from 'double' to 'GLfloat'
D:\btlnhoms6\btl\OpenGL\main.cpp(1170,40): warning C4305: 'argument': truncation from 'double' to 'const GLfloat'
D:\btlnhoms6\btl\OpenGL\main.cpp(1171,24): warning C4305: 'argument': truncation from 'double' to 'GLfloat'
D:\btlnhoms6\btl\OpenGL\main.cpp(1173,41): warning C4305: 'argument': truncation from 'double' to 'const GLfloat'
D:\btlnhoms6\btl\OpenGL\main.cpp(1174,24): warning C4305: 'argument': truncation from 'double' to 'GLfloat'
D:\btlnhoms6\btl\OpenGL\main.cpp(1176,40): warning C4305: 'argument': truncation from 'double' to 'const GLfloat'
D:\btlnhoms6\btl\OpenGL\main.cpp(1177,24): warning C4305: 'argument': truncation from 'double' to 'GLfloat'
D:\btlnhoms6\btl\OpenGL\main.cpp(1179,42): warning C4305: 'argument': truncation from 'double' to 'const GLfloat'
D:\btlnhoms6\btl\OpenGL\main.cpp(1180,23): warning C4305: 'argument': truncation from 'double' to 'GLfloat'
D:\btlnhoms6\btl\OpenGL\main.cpp(1183,28): warning C4244: 'argument': conversion from 'GLdouble' to 'const GLfloat', possible loss of data
D:\btlnhoms6\btl\OpenGL\main.cpp(1183,58): warning C4305: 'argument': truncation from 'double' to 'const GLfloat'
D:\btlnhoms6\btl\OpenGL\main.cpp(1184,25): warning C4305: 'argument': truncation from 'double' to 'GLfloat'
D:\btlnhoms6\btl\OpenGL\main.cpp(1188,41): warning C4305: 'argument': truncation from 'double' to 'const GLfloat'
D:\btlnhoms6\btl\OpenGL\main.cpp(1189,26): warning C4305: 'argument': truncation from 'double' to 'GLfloat'
D:\btlnhoms6\btl\OpenGL\main.cpp(1191,40): warning C4305: 'argument': truncation from 'double' to 'const GLfloat'
D:\btlnhoms6\btl\OpenGL\main.cpp(1192,26): warning C4305: 'argument': truncation from 'double' to 'GLfloat'
D:\btlnhoms6\btl\OpenGL\main.cpp(1194,41): warning C4305: 'argument': truncation from 'double' to 'const GLfloat'
D:\btlnhoms6\btl\OpenGL\main.cpp(1195,26): warning C4305: 'argument': truncation from 'double' to 'GLfloat'
D:\btlnhoms6\btl\OpenGL\main.cpp(1198,44): warning C4305: 'argument': truncation from 'double' to 'const GLfloat'
D:\btlnhoms6\btl\OpenGL\main.cpp(1199,29): warning C4244: 'argument': conversion from 'GLdouble' to 'const GLfloat', possible loss of data
D:\btlnhoms6\btl\OpenGL\main.cpp(1200,28): warning C4305: 'argument': truncation from 'double' to 'GLfloat'
D:\btlnhoms6\btl\OpenGL\main.cpp(1202,40): warning C4305: 'argument': truncation from 'double' to 'const GLfloat'
D:\btlnhoms6\btl\OpenGL\main.cpp(1203,26): warning C4305: 'argument': truncation from 'double' to 'GLfloat'
D:\btlnhoms6\btl\OpenGL\main.cpp(1205,41): warning C4305: 'argument': truncation from 'double' to 'const GLfloat'
D:\btlnhoms6\btl\OpenGL\main.cpp(1206,26): warning C4305: 'argument': truncation from 'double' to 'GLfloat'
D:\btlnhoms6\btl\OpenGL\main.cpp(1210,41): warning C4305: 'argument': truncation from 'double' to 'const GLfloat'
D:\btlnhoms6\btl\OpenGL\main.cpp(1211,29): warning C4305: 'argument': truncation from 'double' to 'GLfloat'
D:\btlnhoms6\btl\OpenGL\main.cpp(1213,40): warning C4305: 'argument': truncation from 'double' to 'const GLfloat'
D:\btlnhoms6\btl\OpenGL\main.cpp(1214,29): warning C4305: 'argument': truncation from 'double' to 'GLfloat'
D:\btlnhoms6\btl\OpenGL\main.cpp(1216,41): warning C4305: 'argument': truncation from 'double' to 'const GLfloat'
D:\btlnhoms6\btl\OpenGL\main.cpp(1217,28): warning C4305: 'argument': truncation from 'double' to 'GLfloat'
D:\btlnhoms6\btl\OpenGL\main.cpp(1219,42): warning C4305: 'argument': truncation from 'double' to 'const GLfloat'
D:\btlnhoms6\btl\OpenGL\main.cpp(1220,28): warning C4305: 'argument': truncation from 'double' to 'GLfloat'
D:\btlnhoms6\btl\OpenGL\main.cpp(1224,27): warning C4244: 'argument': conversion from 'int' to 'GLfloat', possible loss of data
D:\btlnhoms6\btl\OpenGL\main.cpp(1224,21): warning C4244: 'argument': conversion from 'int' to 'GLfloat', possible loss of data
D:\btlnhoms6\btl\OpenGL\main.cpp(1224,15): warning C4244: 'argument': conversion from 'int' to 'GLfloat', possible loss of data
D:\btlnhoms6\btl\OpenGL\main.cpp(1226,28): warning C4305: 'argument': truncation from 'double' to 'GLfloat'
D:\btlnhoms6\btl\OpenGL\main.cpp(1228,50): warning C4305: 'argument': truncation from 'double' to 'const GLfloat'
D:\btlnhoms6\btl\OpenGL\main.cpp(1229,29): warning C4305: 'argument': truncation from 'double' to 'GLfloat'
D:\btlnhoms6\btl\OpenGL\main.cpp(1231,51): warning C4305: 'argument': truncation from 'double' to 'const GLfloat'
D:\btlnhoms6\btl\OpenGL\main.cpp(1232,29): warning C4305: 'argument': truncation from 'double' to 'GLfloat'
D:\btlnhoms6\btl\OpenGL\main.cpp(1234,52): warning C4305: 'argument': truncation from 'double' to 'const GLfloat'
D:\btlnhoms6\btl\OpenGL\main.cpp(1235,29): warning C4305: 'argument': truncation from 'double' to 'GLfloat'
D:\btlnhoms6\btl\OpenGL\main.cpp(1237,51): warning C4305: 'argument': truncation from 'double' to 'const GLfloat'
D:\btlnhoms6\btl\OpenGL\main.cpp(1238,29): warning C4305: 'argument': truncation from 'double' to 'GLfloat'
D:\btlnhoms6\btl\OpenGL\main.cpp(1241,43): warning C4305: 'argument': truncation from 'double' to 'const GLfloat'
D:\btlnhoms6\btl\OpenGL\main.cpp(1242,28): warning C4305: 'argument': truncation from 'double' to 'GLfloat'
D:\btlnhoms6\btl\OpenGL\main.cpp(1248,48): warning C4305: 'argument': truncation from 'double' to 'const GLfloat'
D:\btlnhoms6\btl\OpenGL\main.cpp(1250,38): warning C4305: 'argument': truncation from 'double' to 'const GLfloat'
D:\btlnhoms6\btl\OpenGL\main.cpp(1250,58): warning C4244: 'argument': conversion from 'GLdouble' to 'const GLfloat', possible loss of data
D:\btlnhoms6\btl\OpenGL\main.cpp(1250,90): warning C4305: 'argument': truncation from 'double' to 'const GLfloat'
D:\btlnhoms6\btl\OpenGL\main.cpp(1251,47): warning C4305: 'argument': truncation from 'double' to 'const GLfloat'
D:\btlnhoms6\btl\OpenGL\main.cpp(1252,37): warning C4305: 'argument': truncation from 'double' to 'const GLfloat'
D:\btlnhoms6\btl\OpenGL\main.cpp(1252,49): warning C4244: 'argument': conversion from 'GLdouble' to 'const GLfloat', possible loss of data
D:\btlnhoms6\btl\OpenGL\main.cpp(1252,85): warning C4305: 'argument': truncation from 'double' to 'const GLfloat'
D:\btlnhoms6\btl\OpenGL\main.cpp(1254,48): warning C4305: 'argument': truncation from 'double' to 'const GLfloat'
D:\btlnhoms6\btl\OpenGL\main.cpp(1256,43): warning C4305: 'argument': truncation from 'double' to 'const GLfloat'
D:\btlnhoms6\btl\OpenGL\main.cpp(1258,33): warning C4305: 'argument': truncation from 'double' to 'const GLfloat'
D:\btlnhoms6\btl\OpenGL\main.cpp(1258,45): warning C4244: 'argument': conversion from 'GLdouble' to 'const GLfloat', possible loss of data
D:\btlnhoms6\btl\OpenGL\main.cpp(1258,74): warning C4305: 'argument': truncation from 'double' to 'const GLfloat'
D:\btlnhoms6\btl\OpenGL\main.cpp(1274,42): warning C4305: 'argument': truncation from 'double' to 'const GLfloat'
D:\btlnhoms6\btl\OpenGL\main.cpp(1275,25): warning C4305: 'argument': truncation from 'double' to 'GLfloat'
D:\btlnhoms6\btl\OpenGL\main.cpp(1277,41): warning C4305: 'argument': truncation from 'double' to 'const GLfloat'
D:\btlnhoms6\btl\OpenGL\main.cpp(1278,25): warning C4305: 'argument': truncation from 'double' to 'GLfloat'
D:\btlnhoms6\btl\OpenGL\main.cpp(1280,41): warning C4305: 'argument': truncation from 'double' to 'const GLfloat'
D:\btlnhoms6\btl\OpenGL\main.cpp(1281,24): warning C4305: 'argument': truncation from 'double' to 'GLfloat'
D:\btlnhoms6\btl\OpenGL\main.cpp(1283,40): warning C4305: 'argument': truncation from 'double' to 'const GLfloat'
D:\btlnhoms6\btl\OpenGL\main.cpp(1284,24): warning C4305: 'argument': truncation from 'double' to 'GLfloat'
D:\btlnhoms6\btl\OpenGL\main.cpp(1286,41): warning C4305: 'argument': truncation from 'double' to 'const GLfloat'
D:\btlnhoms6\btl\OpenGL\main.cpp(1287,25): warning C4305: 'argument': truncation from 'double' to 'GLfloat'
D:\btlnhoms6\btl\OpenGL\main.cpp(1290,26): warning C4305: 'argument': truncation from 'double' to 'GLfloat'
D:\btlnhoms6\btl\OpenGL\main.cpp(1292,45): warning C4305: 'argument': truncation from 'double' to 'const GLfloat'
D:\btlnhoms6\btl\OpenGL\main.cpp(1293,26): warning C4305: 'argument': truncation from 'double' to 'GLfloat'
D:\btlnhoms6\btl\OpenGL\main.cpp(1295,35): warning C4305: 'argument': truncation from 'double' to 'const GLfloat'
D:\btlnhoms6\btl\OpenGL\main.cpp(1295,47): warning C4244: 'argument': conversion from 'GLdouble' to 'const GLfloat', possible loss of data
D:\btlnhoms6\btl\OpenGL\main.cpp(1295,76): warning C4305: 'argument': truncation from 'double' to 'const GLfloat'
D:\btlnhoms6\btl\OpenGL\main.cpp(1296,54): warning C4305: 'argument': truncation from 'double' to 'const GLfloat'
D:\btlnhoms6\btl\OpenGL\main.cpp(1297,26): warning C4305: 'argument': truncation from 'double' to 'GLfloat'
D:\btlnhoms6\btl\OpenGL\main.cpp(1302,42): warning C4244: 'argument': conversion from 'double' to 'const GLfloat', possible loss of data
D:\btlnhoms6\btl\OpenGL\main.cpp(1304,44): warning C4244: 'argument': conversion from 'double' to 'const GLfloat', possible loss of data
D:\btlnhoms6\btl\OpenGL\main.cpp(1321,37): warning C4305: 'argument': truncation from 'double' to 'const GLfloat'
D:\btlnhoms6\btl\OpenGL\main.cpp(1322,22): warning C4305: 'argument': truncation from 'double' to 'GLfloat'
D:\btlnhoms6\btl\OpenGL\main.cpp(1324,39): warning C4305: 'argument': truncation from 'double' to 'const GLfloat'
D:\btlnhoms6\btl\OpenGL\main.cpp(1325,21): warning C4305: 'argument': truncation from 'double' to 'GLfloat'
D:\btlnhoms6\btl\OpenGL\main.cpp(1328,38): warning C4305: 'argument': truncation from 'double' to 'const GLfloat'
D:\btlnhoms6\btl\OpenGL\main.cpp(1329,21): warning C4305: 'argument': truncation from 'double' to 'GLfloat'
D:\btlnhoms6\btl\OpenGL\main.cpp(1331,37): warning C4305: 'argument': truncation from 'double' to 'const GLfloat'
D:\btlnhoms6\btl\OpenGL\main.cpp(1332,22): warning C4305: 'argument': truncation from 'double' to 'GLfloat'
D:\btlnhoms6\btl\OpenGL\main.cpp(1334,36): warning C4305: 'argument': truncation from 'double' to 'const GLfloat'
D:\btlnhoms6\btl\OpenGL\main.cpp(1335,22): warning C4305: 'argument': truncation from 'double' to 'GLfloat'
D:\btlnhoms6\btl\OpenGL\main.cpp(1338,38): warning C4305: 'argument': truncation from 'double' to 'const GLfloat'
D:\btlnhoms6\btl\OpenGL\main.cpp(1339,20): warning C4305: 'argument': truncation from 'double' to 'GLfloat'
D:\btlnhoms6\btl\OpenGL\main.cpp(1344,44): warning C4244: 'argument': conversion from 'double' to 'const GLfloat', possible loss of data
D:\btlnhoms6\btl\OpenGL\main.cpp(1344,47): warning C4305: 'argument': truncation from 'double' to 'const GLfloat'
D:\btlnhoms6\btl\OpenGL\main.cpp(1346,45): warning C4244: 'argument': conversion from 'double' to 'const GLfloat', possible loss of data
D:\btlnhoms6\btl\OpenGL\main.cpp(1346,48): warning C4305: 'argument': truncation from 'double' to 'const GLfloat'
D:\btlnhoms6\btl\OpenGL\main.cpp(1365,23): warning C4305: 'argument': truncation from 'double' to 'GLfloat'
D:\btlnhoms6\btl\OpenGL\main.cpp(1368,47): warning C4305: 'argument': truncation from 'double' to 'const GLfloat'
D:\btlnhoms6\btl\OpenGL\main.cpp(1369,24): warning C4305: 'argument': truncation from 'double' to 'GLfloat'
D:\btlnhoms6\btl\OpenGL\main.cpp(1371,46): warning C4305: 'argument': truncation from 'double' to 'const GLfloat'
D:\btlnhoms6\btl\OpenGL\main.cpp(1372,24): warning C4305: 'argument': truncation from 'double' to 'GLfloat'
D:\btlnhoms6\btl\OpenGL\main.cpp(1374,45): warning C4305: 'argument': truncation from 'double' to 'const GLfloat'
D:\btlnhoms6\btl\OpenGL\main.cpp(1375,24): warning C4305: 'argument': truncation from 'double' to 'GLfloat'
D:\btlnhoms6\btl\OpenGL\main.cpp(1377,46): warning C4305: 'argument': truncation from 'double' to 'const GLfloat'
D:\btlnhoms6\btl\OpenGL\main.cpp(1378,24): warning C4305: 'argument': truncation from 'double' to 'GLfloat'
D:\btlnhoms6\btl\OpenGL\main.cpp(1381,41): warning C4305: 'argument': truncation from 'double' to 'const GLfloat'
D:\btlnhoms6\btl\OpenGL\main.cpp(1382,21): warning C4305: 'argument': truncation from 'double' to 'GLfloat'
D:\btlnhoms6\btl\OpenGL\main.cpp(1384,42): warning C4305: 'argument': truncation from 'double' to 'const GLfloat'
D:\btlnhoms6\btl\OpenGL\main.cpp(1385,24): warning C4305: 'argument': truncation from 'double' to 'GLfloat'
D:\btlnhoms6\btl\OpenGL\main.cpp(1387,46): warning C4305: 'argument': truncation from 'double' to 'const GLfloat'
D:\btlnhoms6\btl\OpenGL\main.cpp(1388,22): warning C4305: 'argument': truncation from 'double' to 'GLfloat'
D:\btlnhoms6\btl\OpenGL\main.cpp(1390,45): warning C4305: 'argument': truncation from 'double' to 'const GLfloat'
D:\btlnhoms6\btl\OpenGL\main.cpp(1391,24): warning C4305: 'argument': truncation from 'double' to 'GLfloat'
D:\btlnhoms6\btl\OpenGL\main.cpp(1408,52): warning C4305: 'argument': truncation from 'double' to 'const GLfloat'
D:\btlnhoms6\btl\OpenGL\main.cpp(1409,28): warning C4305: 'argument': truncation from 'double' to 'float'
D:\btlnhoms6\btl\OpenGL\main.cpp(1410,83): warning C4305: 'argument': truncation from 'double' to 'const GLfloat'
D:\btlnhoms6\btl\OpenGL\main.cpp(1412,30): warning C4305: 'argument': truncation from 'double' to 'float'
D:\btlnhoms6\btl\OpenGL\main.cpp(1436,27): warning C4305: 'argument': truncation from 'double' to 'float'
D:\btlnhoms6\btl\OpenGL\main.cpp(1437,63): warning C4305: 'argument': truncation from 'double' to 'const GLfloat'
D:\btlnhoms6\btl\OpenGL\main.cpp(1438,25): warning C4305: 'argument': truncation from 'double' to 'float'
D:\btlnhoms6\btl\OpenGL\main.cpp(1442,54): warning C4305: 'argument': truncation from 'double' to 'const GLfloat'
D:\btlnhoms6\btl\OpenGL\main.cpp(1443,32): warning C4305: 'argument': truncation from 'double' to 'float'
D:\btlnhoms6\btl\OpenGL\main.cpp(1446,36): warning C4305: 'argument': truncation from 'double' to 'float'
D:\btlnhoms6\btl\OpenGL\main.cpp(1484,23): warning C4305: 'argument': truncation from 'double' to 'GLfloat'
D:\btlnhoms6\btl\OpenGL\main.cpp(1485,39): warning C4305: 'argument': truncation from 'double' to 'const GLfloat'
D:\btlnhoms6\btl\OpenGL\main.cpp(1486,23): warning C4305: 'argument': truncation from 'double' to 'GLfloat'
D:\btlnhoms6\btl\OpenGL\main.cpp(1487,48): warning C4305: 'argument': truncation from 'double' to 'const GLfloat'
D:\btlnhoms6\btl\OpenGL\main.cpp(1488,25): warning C4305: 'argument': truncation from 'double' to 'GLfloat'
D:\btlnhoms6\btl\OpenGL\main.cpp(1489,47): warning C4305: 'argument': truncation from 'double' to 'const GLfloat'
D:\btlnhoms6\btl\OpenGL\main.cpp(1490,25): warning C4305: 'argument': truncation from 'double' to 'GLfloat'
D:\btlnhoms6\btl\OpenGL\main.cpp(1491,47): warning C4305: 'argument': truncation from 'double' to 'const GLfloat'
D:\btlnhoms6\btl\OpenGL\main.cpp(1492,25): warning C4305: 'argument': truncation from 'double' to 'GLfloat'
D:\btlnhoms6\btl\OpenGL\main.cpp(1493,46): warning C4305: 'argument': truncation from 'double' to 'const GLfloat'
D:\btlnhoms6\btl\OpenGL\main.cpp(1494,25): warning C4305: 'argument': truncation from 'double' to 'GLfloat'
D:\btlnhoms6\btl\OpenGL\main.cpp(1496,18): warning C4305: 'initializing': truncation from 'double' to 'GLfloat'
D:\btlnhoms6\btl\OpenGL\main.cpp(1497,18): warning C4305: 'initializing': truncation from 'double' to 'GLfloat'
D:\btlnhoms6\btl\OpenGL\main.cpp(1506,90): warning C4305: 'argument': truncation from 'double' to 'const GLfloat'
D:\btlnhoms6\btl\OpenGL\main.cpp(1511,91): warning C4305: 'argument': truncation from 'double' to 'const GLfloat'
D:\btlnhoms6\btl\OpenGL\main.cpp(1515,118): warning C4305: 'argument': truncation from 'double' to 'const GLfloat'
D:\btlnhoms6\btl\OpenGL\main.cpp(1520,92): warning C4305: 'argument': truncation from 'double' to 'const GLfloat'
D:\btlnhoms6\btl\OpenGL\main.cpp(1552,23): warning C4305: 'argument': truncation from 'double' to 'GLfloat'
D:\btlnhoms6\btl\OpenGL\main.cpp(1553,40): warning C4305: 'argument': truncation from 'double' to 'const GLfloat'
D:\btlnhoms6\btl\OpenGL\main.cpp(1554,23): warning C4305: 'argument': truncation from 'double' to 'GLfloat'
D:\btlnhoms6\btl\OpenGL\main.cpp(1555,46): warning C4305: 'argument': truncation from 'double' to 'const GLfloat'
D:\btlnhoms6\btl\OpenGL\main.cpp(1556,23): warning C4305: 'argument': truncation from 'double' to 'GLfloat'
D:\btlnhoms6\btl\OpenGL\main.cpp(1557,45): warning C4305: 'argument': truncation from 'double' to 'const GLfloat'
D:\btlnhoms6\btl\OpenGL\main.cpp(1558,23): warning C4305: 'argument': truncation from 'double' to 'GLfloat'
D:\btlnhoms6\btl\OpenGL\main.cpp(1560,75): warning C4305: 'argument': truncation from 'double' to 'const GLfloat'
D:\btlnhoms6\btl\OpenGL\main.cpp(1562,21): warning C4305: 'argument': truncation from 'double' to 'GLfloat'
D:\btlnhoms6\btl\OpenGL\main.cpp(1564,64): warning C4305: 'argument': truncation from 'double' to 'const GLfloat'
D:\btlnhoms6\btl\OpenGL\main.cpp(1564,88): warning C4305: 'argument': truncation from 'double' to 'const GLfloat'
D:\btlnhoms6\btl\OpenGL\main.cpp(1565,25): warning C4305: 'argument': truncation from 'double' to 'GLfloat'
D:\btlnhoms6\btl\OpenGL\main.cpp(1566,62): warning C4305: 'argument': truncation from 'double' to 'const GLfloat'
D:\btlnhoms6\btl\OpenGL\main.cpp(1567,24): warning C4305: 'argument': truncation from 'double' to 'GLfloat'
D:\btlnhoms6\btl\OpenGL\main.cpp(1569,72): warning C4305: 'argument': truncation from 'double' to 'const GLfloat'
D:\btlnhoms6\btl\OpenGL\main.cpp(1571,21): warning C4305: 'argument': truncation from 'double' to 'GLfloat'
D:\btlnhoms6\btl\OpenGL\main.cpp(1572,65): warning C4305: 'argument': truncation from 'double' to 'const GLfloat'
D:\btlnhoms6\btl\OpenGL\main.cpp(1572,89): warning C4305: 'argument': truncation from 'double' to 'const GLfloat'
D:\btlnhoms6\btl\OpenGL\main.cpp(1574,25): warning C4305: 'argument': truncation from 'double' to 'GLfloat'
D:\btlnhoms6\btl\OpenGL\main.cpp(1575,62): warning C4305: 'argument': truncation from 'double' to 'const GLfloat'
D:\btlnhoms6\btl\OpenGL\main.cpp(1576,24): warning C4305: 'argument': truncation from 'double' to 'GLfloat'
D:\btlnhoms6\btl\OpenGL\main.cpp(1580,56): warning C4305: 'argument': truncation from 'double' to 'const GLfloat'
D:\btlnhoms6\btl\OpenGL\main.cpp(1580,92): warning C4305: 'argument': truncation from 'double' to 'const GLfloat'
D:\btlnhoms6\btl\OpenGL\main.cpp(1582,54): warning C4305: 'argument': truncation from 'double' to 'const GLfloat'
D:\btlnhoms6\btl\OpenGL\main.cpp(1584,54): warning C4305: 'argument': truncation from 'double' to 'const GLfloat'
D:\btlnhoms6\btl\OpenGL\main.cpp(1586,54): warning C4305: 'argument': truncation from 'double' to 'const GLfloat'
D:\btlnhoms6\btl\OpenGL\main.cpp(1590,54): warning C4305: 'argument': truncation from 'double' to 'const GLfloat'
D:\btlnhoms6\btl\OpenGL\main.cpp(1606,25): warning C4305: 'argument': truncation from 'double' to 'GLfloat'
D:\btlnhoms6\btl\OpenGL\main.cpp(1607,41): warning C4305: 'argument': truncation from 'double' to 'const GLfloat'
D:\btlnhoms6\btl\OpenGL\main.cpp(1608,25): warning C4305: 'argument': truncation from 'double' to 'GLfloat'
D:\btlnhoms6\btl\OpenGL\main.cpp(1609,47): warning C4305: 'argument': truncation from 'double' to 'const GLfloat'
D:\btlnhoms6\btl\OpenGL\main.cpp(1610,25): warning C4305: 'argument': truncation from 'double' to 'GLfloat'
D:\btlnhoms6\btl\OpenGL\main.cpp(1611,46): warning C4305: 'argument': truncation from 'double' to 'const GLfloat'
D:\btlnhoms6\btl\OpenGL\main.cpp(1612,25): warning C4305: 'argument': truncation from 'double' to 'GLfloat'
D:\btlnhoms6\btl\OpenGL\main.cpp(1613,67): warning C4305: 'argument': truncation from 'double' to 'const GLfloat'
D:\btlnhoms6\btl\OpenGL\main.cpp(1616,24): warning C4305: 'argument': truncation from 'double' to 'GLfloat'
D:\btlnhoms6\btl\OpenGL\main.cpp(1617,65): warning C4305: 'argument': truncation from 'double' to 'const GLfloat'
D:\btlnhoms6\btl\OpenGL\main.cpp(1617,90): warning C4305: 'argument': truncation from 'double' to 'const GLfloat'
D:\btlnhoms6\btl\OpenGL\main.cpp(1619,26): warning C4305: 'argument': truncation from 'double' to 'GLfloat'
D:\btlnhoms6\btl\OpenGL\main.cpp(1620,63): warning C4305: 'argument': truncation from 'double' to 'const GLfloat'
D:\btlnhoms6\btl\OpenGL\main.cpp(1621,25): warning C4305: 'argument': truncation from 'double' to 'GLfloat'
D:\btlnhoms6\btl\OpenGL\main.cpp(1624,57): warning C4305: 'argument': truncation from 'double' to 'const GLfloat'
D:\btlnhoms6\btl\OpenGL\main.cpp(1624,97): warning C4305: 'argument': truncation from 'double' to 'const GLfloat'
D:\btlnhoms6\btl\OpenGL\main.cpp(1627,53): warning C4305: 'argument': truncation from 'double' to 'const GLfloat'
D:\btlnhoms6\btl\OpenGL\main.cpp(1629,53): warning C4305: 'argument': truncation from 'double' to 'const GLfloat'
D:\btlnhoms6\btl\OpenGL\main.cpp(1634,53): warning C4305: 'argument': truncation from 'double' to 'const GLfloat'
D:\btlnhoms6\btl\OpenGL\main.cpp(1636,53): warning C4305: 'argument': truncation from 'double' to 'const GLfloat'
D:\btlnhoms6\btl\OpenGL\main.cpp(1639,53): warning C4305: 'argument': truncation from 'double' to 'const GLfloat'
D:\btlnhoms6\btl\OpenGL\main.cpp(1641,53): warning C4305: 'argument': truncation from 'double' to 'const GLfloat'
D:\btlnhoms6\btl\OpenGL\main.cpp(1643,53): warning C4305: 'argument': truncation from 'double' to 'const GLfloat'
D:\btlnhoms6\btl\OpenGL\main.cpp(1648,53): warning C4305: 'argument': truncation from 'double' to 'const GLfloat'
D:\btlnhoms6\btl\OpenGL\main.cpp(1650,53): warning C4305: 'argument': truncation from 'double' to 'const GLfloat'
D:\btlnhoms6\btl\OpenGL\main.cpp(1658,37): warning C4305: 'argument': truncation from 'double' to 'const GLfloat'
D:\btlnhoms6\btl\OpenGL\main.cpp(1658,60): warning C4305: 'argument': truncation from 'double' to 'const GLfloat'
D:\btlnhoms6\btl\OpenGL\main.cpp(1660,65): warning C4305: 'argument': truncation from 'double' to 'const GLfloat'
D:\btlnhoms6\btl\OpenGL\main.cpp(1660,89): warning C4305: 'argument': truncation from 'double' to 'const GLfloat'
D:\btlnhoms6\btl\OpenGL\main.cpp(1662,43): warning C4305: 'argument': truncation from 'double' to 'const GLfloat'
D:\btlnhoms6\btl\OpenGL\main.cpp(1666,43): warning C4305: 'argument': truncation from 'double' to 'const GLfloat'
D:\btlnhoms6\btl\OpenGL\main.cpp(1668,43): warning C4305: 'argument': truncation from 'double' to 'const GLfloat'
D:\btlnhoms6\btl\OpenGL\main.cpp(1670,40): warning C4305: 'argument': truncation from 'double' to 'const GLfloat'
D:\btlnhoms6\btl\OpenGL\main.cpp(1672,38): warning C4305: 'argument': truncation from 'double' to 'const GLfloat'
D:\btlnhoms6\btl\OpenGL\main.cpp(1674,40): warning C4305: 'argument': truncation from 'double' to 'const GLfloat'
D:\btlnhoms6\btl\OpenGL\main.cpp(1692,42): warning C4244: 'argument': conversion from 'GLdouble' to 'const GLfloat', possible loss of data
D:\btlnhoms6\btl\OpenGL\main.cpp(1692,33): warning C4244: 'argument': conversion from 'GLdouble' to 'const GLfloat', possible loss of data
D:\btlnhoms6\btl\OpenGL\main.cpp(1692,24): warning C4244: 'argument': conversion from 'GLdouble' to 'const GLfloat', possible loss of data
D:\btlnhoms6\btl\OpenGL\main.cpp(1692,61): warning C4244: 'argument': conversion from 'GLdouble' to 'const GLfloat', possible loss of data
D:\btlnhoms6\btl\OpenGL\main.cpp(1736,21): warning C4305: '+=': truncation from 'double' to 'GLfloat'
D:\btlnhoms6\btl\OpenGL\main.cpp(1737,53): warning C4244: '-=': conversion from 'double' to 'GLfloat', possible loss of data
D:\btlnhoms6\btl\OpenGL\main.cpp(1752,21): warning C4305: '+=': truncation from 'double' to 'float'
D:\btlnhoms6\btl\OpenGL\main.cpp(1753,53): warning C4244: '-=': conversion from 'double' to 'float', possible loss of data
D:\btlnhoms6\btl\OpenGL\main.cpp(1756,22): warning C4305: '+=': truncation from 'double' to 'float'
D:\btlnhoms6\btl\OpenGL\main.cpp(1757,54): warning C4244: '-=': conversion from 'double' to 'float', possible loss of data
D:\btlnhoms6\btl\OpenGL\main.cpp(1761,22): warning C4305: '-=': truncation from 'double' to 'float'
D:\btlnhoms6\btl\OpenGL\main.cpp(1762,19): warning C4305: '+=': truncation from 'double' to 'float'
D:\btlnhoms6\btl\OpenGL\main.cpp(1764,23): warning C4305: '+=': truncation from 'double' to 'float'
D:\btlnhoms6\btl\OpenGL\main.cpp(1765,20): warning C4305: '-=': truncation from 'double' to 'float'
D:\btlnhoms6\btl\OpenGL\main.cpp(1769,22): warning C4305: '+=': truncation from 'double' to 'float'
D:\btlnhoms6\btl\OpenGL\main.cpp(1770,19): warning C4305: '-=': truncation from 'double' to 'float'
D:\btlnhoms6\btl\OpenGL\main.cpp(1772,23): warning C4305: '-=': truncation from 'double' to 'float'
D:\btlnhoms6\btl\OpenGL\main.cpp(1773,20): warning C4305: '+=': truncation from 'double' to 'float'
D:\btlnhoms6\btl\OpenGL\main.cpp(1778,19): warning C4305: '-=': truncation from 'double' to 'float'
D:\btlnhoms6\btl\OpenGL\main.cpp(1779,19): warning C4305: '+=': truncation from 'double' to 'float'
D:\btlnhoms6\btl\OpenGL\main.cpp(1781,20): warning C4305: '+=': truncation from 'double' to 'float'
D:\btlnhoms6\btl\OpenGL\main.cpp(1782,20): warning C4305: '-=': truncation from 'double' to 'float'
D:\btlnhoms6\btl\OpenGL\main.cpp(1786,19): warning C4305: '+=': truncation from 'double' to 'float'
D:\btlnhoms6\btl\OpenGL\main.cpp(1787,19): warning C4305: '-=': truncation from 'double' to 'float'
D:\btlnhoms6\btl\OpenGL\main.cpp(1789,20): warning C4305: '-=': truncation from 'double' to 'float'
D:\btlnhoms6\btl\OpenGL\main.cpp(1790,20): warning C4305: '+=': truncation from 'double' to 'float'
D:\btlnhoms6\btl\OpenGL\main.cpp(1807,12): warning C4305: '-=': truncation from 'double' to 'GLfloat'
D:\btlnhoms6\btl\OpenGL\main.cpp(1823,20): warning C4305: '=': truncation from 'double' to 'GLfloat'
D:\btlnhoms6\btl\OpenGL\main.cpp(1900,23): warning C4305: '-=': truncation from 'double' to 'GLfloat'
D:\btlnhoms6\btl\OpenGL\main.cpp(1901,38): warning C4305: '+=': truncation from 'double' to 'GLfloat'
D:\btlnhoms6\btl\OpenGL\main.cpp(1923,15): warning C4305: '+=': truncation from 'double' to 'GLfloat'
D:\btlnhoms6\btl\OpenGL\main.cpp(1925,19): warning C4244: '-=': conversion from 'double' to 'GLfloat', possible loss of data
D:\btlnhoms6\btl\OpenGL\main.cpp(1929,15): warning C4305: '-=': truncation from 'double' to 'GLfloat'
D:\btlnhoms6\btl\OpenGL\main.cpp(1931,19): warning C4244: '-=': conversion from 'double' to 'GLfloat', possible loss of data
D:\btlnhoms6\btl\OpenGL\main.cpp(1948,17): warning C4305: '-=': truncation from 'double' to 'GLfloat'
D:\btlnhoms6\btl\OpenGL\main.cpp(1950,23): warning C4244: '-=': conversion from 'double' to 'GLfloat', possible loss of data
D:\btlnhoms6\btl\OpenGL\main.cpp(1954,17): warning C4305: '+=': truncation from 'double' to 'GLfloat'
D:\btlnhoms6\btl\OpenGL\main.cpp(1959,20): warning C4305: '*=': truncation from 'double' to 'GLfloat'
D:\btlnhoms6\btl\OpenGL\main.cpp(1959,30): warning C4305: '*=': truncation from 'double' to 'GLfloat'
D:\btlnhoms6\btl\OpenGL\main.cpp(1960,20): warning C4305: '*=': truncation from 'double' to 'GLfloat'
D:\btlnhoms6\btl\OpenGL\main.cpp(1960,30): warning C4305: '*=': truncation from 'double' to 'GLfloat'
D:\btlnhoms6\btl\OpenGL\main.cpp(1961,25): warning C4305: '*=': truncation from 'double' to 'GLfloat'
D:\btlnhoms6\btl\OpenGL\main.cpp(1961,37): warning C4305: '*=': truncation from 'double' to 'GLfloat'
D:\btlnhoms6\btl\OpenGL\main.cpp(1962,25): warning C4305: '*=': truncation from 'double' to 'GLfloat'
D:\btlnhoms6\btl\OpenGL\main.cpp(1962,37): warning C4305: '*=': truncation from 'double' to 'GLfloat'
D:\btlnhoms6\btl\OpenGL\main.cpp(1963,24): warning C4305: '*=': truncation from 'double' to 'GLfloat'
D:\btlnhoms6\btl\OpenGL\main.cpp(1963,37): warning C4305: '*=': truncation from 'double' to 'GLfloat'
D:\btlnhoms6\btl\OpenGL\main.cpp(1964,24): warning C4305: '*=': truncation from 'double' to 'GLfloat'
D:\btlnhoms6\btl\OpenGL\main.cpp(1964,37): warning C4305: '*=': truncation from 'double' to 'GLfloat'
  Generating code
  3 of 293 functions ( 1.0%) were compiled, the rest were copied from previous compilation.
    0 functions were new in current compilation
    5 functions had inline decision re-evaluated but remain unchanged
  Finished generating code
  OpenGL.vcxproj -> D:\btlnhoms6\btl\Release\OpenGL.exe
